{"/Users/stephane/Dev/boomtap/sountinel/src/googleDriveValidator.js": {"path":"/Users/stephane/Dev/boomtap/sountinel/src/googleDriveValidator.js","statementMap":{"0":{"start":{"line":24,"column":29},"end":{"line":24,"column":80}},"1":{"start":{"line":26,"column":23},"end":{"line":26,"column":60}},"2":{"start":{"line":28,"column":28},"end":{"line":28,"column":85}},"3":{"start":{"line":29,"column":28},"end":{"line":29,"column":85}},"4":{"start":{"line":30,"column":30},"end":{"line":30,"column":94}},"5":{"start":{"line":31,"column":22},"end":{"line":31,"column":110}},"6":{"start":{"line":39,"column":4},"end":{"line":41,"column":5}},"7":{"start":{"line":40,"column":8},"end":{"line":40,"column":20}},"8":{"start":{"line":43,"column":21},"end":{"line":48,"column":5}},"9":{"start":{"line":49,"column":4},"end":{"line":59,"column":5}},"10":{"start":{"line":50,"column":22},"end":{"line":50,"column":40}},"11":{"start":{"line":51,"column":8},"end":{"line":58,"column":9}},"12":{"start":{"line":54,"column":12},"end":{"line":56,"column":13}},"13":{"start":{"line":55,"column":16},"end":{"line":55,"column":32}},"14":{"start":{"line":57,"column":12},"end":{"line":57,"column":28}},"15":{"start":{"line":60,"column":4},"end":{"line":60,"column":16}},"16":{"start":{"line":76,"column":4},"end":{"line":115,"column":5}},"17":{"start":{"line":78,"column":31},"end":{"line":78,"column":87}},"18":{"start":{"line":79,"column":8},"end":{"line":85,"column":9}},"19":{"start":{"line":80,"column":12},"end":{"line":84,"column":14}},"20":{"start":{"line":87,"column":25},"end":{"line":87,"column":64}},"21":{"start":{"line":89,"column":27},"end":{"line":89,"column":117}},"22":{"start":{"line":90,"column":8},"end":{"line":96,"column":9}},"23":{"start":{"line":91,"column":12},"end":{"line":95,"column":14}},"24":{"start":{"line":98,"column":8},"end":{"line":106,"column":10}},"25":{"start":{"line":109,"column":8},"end":{"line":109,"column":58}},"26":{"start":{"line":110,"column":8},"end":{"line":114,"column":10}},"27":{"start":{"line":126,"column":4},"end":{"line":155,"column":5}},"28":{"start":{"line":127,"column":20},"end":{"line":127,"column":99}},"29":{"start":{"line":128,"column":25},"end":{"line":134,"column":10}},"30":{"start":{"line":135,"column":8},"end":{"line":144,"column":9}},"31":{"start":{"line":136,"column":12},"end":{"line":136,"column":65}},"32":{"start":{"line":138,"column":13},"end":{"line":144,"column":9}},"33":{"start":{"line":139,"column":12},"end":{"line":139,"column":65}},"34":{"start":{"line":141,"column":13},"end":{"line":144,"column":9}},"35":{"start":{"line":142,"column":12},"end":{"line":142,"column":73}},"36":{"start":{"line":143,"column":12},"end":{"line":143,"column":62}},"37":{"start":{"line":145,"column":21},"end":{"line":145,"column":42}},"38":{"start":{"line":146,"column":8},"end":{"line":146,"column":49}},"39":{"start":{"line":149,"column":8},"end":{"line":152,"column":9}},"40":{"start":{"line":150,"column":12},"end":{"line":150,"column":79}},"41":{"start":{"line":151,"column":12},"end":{"line":151,"column":60}},"42":{"start":{"line":153,"column":8},"end":{"line":153,"column":59}},"43":{"start":{"line":154,"column":8},"end":{"line":154,"column":58}},"44":{"start":{"line":164,"column":21},"end":{"line":164,"column":44}},"45":{"start":{"line":165,"column":4},"end":{"line":173,"column":5}},"46":{"start":{"line":166,"column":8},"end":{"line":166,"column":24}},"47":{"start":{"line":168,"column":9},"end":{"line":173,"column":5}},"48":{"start":{"line":169,"column":8},"end":{"line":169,"column":21}},"49":{"start":{"line":172,"column":8},"end":{"line":172,"column":22}},"50":{"start":{"line":190,"column":4},"end":{"line":201,"column":5}},"51":{"start":{"line":191,"column":8},"end":{"line":191,"column":77}},"52":{"start":{"line":193,"column":9},"end":{"line":201,"column":5}},"53":{"start":{"line":196,"column":8},"end":{"line":196,"column":49}},"54":{"start":{"line":200,"column":8},"end":{"line":200,"column":46}},"55":{"start":{"line":212,"column":4},"end":{"line":242,"column":5}},"56":{"start":{"line":213,"column":25},"end":{"line":213,"column":123}},"57":{"start":{"line":214,"column":25},"end":{"line":220,"column":10}},"58":{"start":{"line":221,"column":8},"end":{"line":224,"column":9}},"59":{"start":{"line":222,"column":12},"end":{"line":222,"column":79}},"60":{"start":{"line":223,"column":12},"end":{"line":223,"column":54}},"61":{"start":{"line":225,"column":26},"end":{"line":225,"column":47}},"62":{"start":{"line":226,"column":22},"end":{"line":226,"column":43}},"63":{"start":{"line":228,"column":27},"end":{"line":228,"column":120}},"64":{"start":{"line":228,"column":45},"end":{"line":228,"column":112}},"65":{"start":{"line":228,"column":71},"end":{"line":228,"column":111}},"66":{"start":{"line":229,"column":8},"end":{"line":232,"column":10}},"67":{"start":{"line":235,"column":8},"end":{"line":240,"column":9}},"68":{"start":{"line":236,"column":12},"end":{"line":236,"column":78}},"69":{"start":{"line":239,"column":12},"end":{"line":239,"column":70}},"70":{"start":{"line":241,"column":8},"end":{"line":241,"column":50}},"71":{"start":{"line":251,"column":4},"end":{"line":253,"column":5}},"72":{"start":{"line":252,"column":8},"end":{"line":252,"column":50}},"73":{"start":{"line":254,"column":21},"end":{"line":254,"column":48}},"74":{"start":{"line":255,"column":20},"end":{"line":255,"column":75}},"75":{"start":{"line":255,"column":46},"end":{"line":255,"column":74}},"76":{"start":{"line":256,"column":4},"end":{"line":259,"column":6}},"77":{"start":{"line":268,"column":4},"end":{"line":281,"column":5}},"78":{"start":{"line":270,"column":12},"end":{"line":270,"column":46}},"79":{"start":{"line":272,"column":12},"end":{"line":272,"column":65}},"80":{"start":{"line":274,"column":12},"end":{"line":274,"column":52}},"81":{"start":{"line":276,"column":12},"end":{"line":276,"column":39}},"82":{"start":{"line":278,"column":12},"end":{"line":278,"column":40}},"83":{"start":{"line":280,"column":12},"end":{"line":280,"column":35}}},"fnMap":{"0":{"name":"extractGoogleDriveId","decl":{"start":{"line":38,"column":16},"end":{"line":38,"column":36}},"loc":{"start":{"line":38,"column":42},"end":{"line":61,"column":1}},"line":38},"1":{"name":"validateGoogleDriveLink","decl":{"start":{"line":75,"column":22},"end":{"line":75,"column":45}},"loc":{"start":{"line":75,"column":78},"end":{"line":116,"column":1}},"line":75},"2":{"name":"fetchDriveMetadata","decl":{"start":{"line":125,"column":15},"end":{"line":125,"column":33}},"loc":{"start":{"line":125,"column":66},"end":{"line":156,"column":1}},"line":125},"3":{"name":"detectFileType","decl":{"start":{"line":163,"column":9},"end":{"line":163,"column":23}},"loc":{"start":{"line":163,"column":34},"end":{"line":174,"column":1}},"line":163},"4":{"name":"checkAudioContent","decl":{"start":{"line":189,"column":15},"end":{"line":189,"column":32}},"loc":{"start":{"line":189,"column":85},"end":{"line":202,"column":1}},"line":189},"5":{"name":"checkFolderAudioContent","decl":{"start":{"line":211,"column":15},"end":{"line":211,"column":38}},"loc":{"start":{"line":211,"column":72},"end":{"line":243,"column":1}},"line":211},"6":{"name":"(anonymous_6)","decl":{"start":{"line":228,"column":40},"end":{"line":228,"column":41}},"loc":{"start":{"line":228,"column":45},"end":{"line":228,"column":112}},"line":228},"7":{"name":"(anonymous_7)","decl":{"start":{"line":228,"column":64},"end":{"line":228,"column":65}},"loc":{"start":{"line":228,"column":71},"end":{"line":228,"column":111}},"line":228},"8":{"name":"checkSingleFileAudio","decl":{"start":{"line":250,"column":9},"end":{"line":250,"column":29}},"loc":{"start":{"line":250,"column":40},"end":{"line":260,"column":1}},"line":250},"9":{"name":"(anonymous_9)","decl":{"start":{"line":255,"column":39},"end":{"line":255,"column":40}},"loc":{"start":{"line":255,"column":46},"end":{"line":255,"column":74}},"line":255},"10":{"name":"getErrorMessage","decl":{"start":{"line":267,"column":9},"end":{"line":267,"column":24}},"loc":{"start":{"line":267,"column":36},"end":{"line":282,"column":1}},"line":267}},"branchMap":{"0":{"loc":{"start":{"line":39,"column":4},"end":{"line":41,"column":5}},"type":"if","locations":[{"start":{"line":39,"column":4},"end":{"line":41,"column":5}},{"start":{},"end":{}}],"line":39},"1":{"loc":{"start":{"line":51,"column":8},"end":{"line":58,"column":9}},"type":"if","locations":[{"start":{"line":51,"column":8},"end":{"line":58,"column":9}},{"start":{},"end":{}}],"line":51},"2":{"loc":{"start":{"line":54,"column":12},"end":{"line":56,"column":13}},"type":"if","locations":[{"start":{"line":54,"column":12},"end":{"line":56,"column":13}},{"start":{},"end":{}}],"line":54},"3":{"loc":{"start":{"line":79,"column":8},"end":{"line":85,"column":9}},"type":"if","locations":[{"start":{"line":79,"column":8},"end":{"line":85,"column":9}},{"start":{},"end":{}}],"line":79},"4":{"loc":{"start":{"line":90,"column":8},"end":{"line":96,"column":9}},"type":"if","locations":[{"start":{"line":90,"column":8},"end":{"line":96,"column":9}},{"start":{},"end":{}}],"line":90},"5":{"loc":{"start":{"line":135,"column":8},"end":{"line":144,"column":9}},"type":"if","locations":[{"start":{"line":135,"column":8},"end":{"line":144,"column":9}},{"start":{"line":138,"column":13},"end":{"line":144,"column":9}}],"line":135},"6":{"loc":{"start":{"line":138,"column":13},"end":{"line":144,"column":9}},"type":"if","locations":[{"start":{"line":138,"column":13},"end":{"line":144,"column":9}},{"start":{"line":141,"column":13},"end":{"line":144,"column":9}}],"line":138},"7":{"loc":{"start":{"line":141,"column":13},"end":{"line":144,"column":9}},"type":"if","locations":[{"start":{"line":141,"column":13},"end":{"line":144,"column":9}},{"start":{},"end":{}}],"line":141},"8":{"loc":{"start":{"line":149,"column":8},"end":{"line":152,"column":9}},"type":"if","locations":[{"start":{"line":149,"column":8},"end":{"line":152,"column":9}},{"start":{},"end":{}}],"line":149},"9":{"loc":{"start":{"line":149,"column":12},"end":{"line":149,"column":72}},"type":"binary-expr","locations":[{"start":{"line":149,"column":12},"end":{"line":149,"column":41}},{"start":{"line":149,"column":45},"end":{"line":149,"column":72}}],"line":149},"10":{"loc":{"start":{"line":164,"column":21},"end":{"line":164,"column":44}},"type":"binary-expr","locations":[{"start":{"line":164,"column":21},"end":{"line":164,"column":38}},{"start":{"line":164,"column":42},"end":{"line":164,"column":44}}],"line":164},"11":{"loc":{"start":{"line":165,"column":4},"end":{"line":173,"column":5}},"type":"if","locations":[{"start":{"line":165,"column":4},"end":{"line":173,"column":5}},{"start":{"line":168,"column":9},"end":{"line":173,"column":5}}],"line":165},"12":{"loc":{"start":{"line":168,"column":9},"end":{"line":173,"column":5}},"type":"if","locations":[{"start":{"line":168,"column":9},"end":{"line":173,"column":5}},{"start":{"line":171,"column":9},"end":{"line":173,"column":5}}],"line":168},"13":{"loc":{"start":{"line":190,"column":4},"end":{"line":201,"column":5}},"type":"if","locations":[{"start":{"line":190,"column":4},"end":{"line":201,"column":5}},{"start":{"line":193,"column":9},"end":{"line":201,"column":5}}],"line":190},"14":{"loc":{"start":{"line":193,"column":9},"end":{"line":201,"column":5}},"type":"if","locations":[{"start":{"line":193,"column":9},"end":{"line":201,"column":5}},{"start":{"line":198,"column":9},"end":{"line":201,"column":5}}],"line":193},"15":{"loc":{"start":{"line":221,"column":8},"end":{"line":224,"column":9}},"type":"if","locations":[{"start":{"line":221,"column":8},"end":{"line":224,"column":9}},{"start":{},"end":{}}],"line":221},"16":{"loc":{"start":{"line":226,"column":22},"end":{"line":226,"column":43}},"type":"binary-expr","locations":[{"start":{"line":226,"column":22},"end":{"line":226,"column":37}},{"start":{"line":226,"column":41},"end":{"line":226,"column":43}}],"line":226},"17":{"loc":{"start":{"line":235,"column":8},"end":{"line":240,"column":9}},"type":"if","locations":[{"start":{"line":235,"column":8},"end":{"line":240,"column":9}},{"start":{"line":238,"column":13},"end":{"line":240,"column":9}}],"line":235},"18":{"loc":{"start":{"line":235,"column":12},"end":{"line":235,"column":72}},"type":"binary-expr","locations":[{"start":{"line":235,"column":12},"end":{"line":235,"column":41}},{"start":{"line":235,"column":45},"end":{"line":235,"column":72}}],"line":235},"19":{"loc":{"start":{"line":251,"column":4},"end":{"line":253,"column":5}},"type":"if","locations":[{"start":{"line":251,"column":4},"end":{"line":253,"column":5}},{"start":{},"end":{}}],"line":251},"20":{"loc":{"start":{"line":258,"column":20},"end":{"line":258,"column":35}},"type":"cond-expr","locations":[{"start":{"line":258,"column":30},"end":{"line":258,"column":31}},{"start":{"line":258,"column":34},"end":{"line":258,"column":35}}],"line":258},"21":{"loc":{"start":{"line":268,"column":4},"end":{"line":281,"column":5}},"type":"switch","locations":[{"start":{"line":269,"column":8},"end":{"line":270,"column":46}},{"start":{"line":271,"column":8},"end":{"line":272,"column":65}},{"start":{"line":273,"column":8},"end":{"line":274,"column":52}},{"start":{"line":275,"column":8},"end":{"line":276,"column":39}},{"start":{"line":277,"column":8},"end":{"line":278,"column":40}},{"start":{"line":279,"column":8},"end":{"line":280,"column":35}}],"line":268}},"s":{"0":2,"1":2,"2":2,"3":2,"4":2,"5":2,"6":28,"7":4,"8":24,"9":24,"10":60,"11":60,"12":20,"13":6,"14":14,"15":4,"16":0,"17":0,"18":0,"19":0,"20":0,"21":0,"22":0,"23":0,"24":0,"25":0,"26":0,"27":0,"28":0,"29":0,"30":0,"31":0,"32":0,"33":0,"34":0,"35":0,"36":0,"37":0,"38":0,"39":0,"40":0,"41":0,"42":0,"43":0,"44":0,"45":0,"46":0,"47":0,"48":0,"49":0,"50":0,"51":0,"52":0,"53":0,"54":0,"55":0,"56":0,"57":0,"58":0,"59":0,"60":0,"61":0,"62":0,"63":0,"64":0,"65":0,"66":0,"67":0,"68":0,"69":0,"70":0,"71":0,"72":0,"73":0,"74":0,"75":0,"76":0,"77":0,"78":0,"79":0,"80":0,"81":0,"82":0,"83":0},"f":{"0":28,"1":0,"2":0,"3":0,"4":0,"5":0,"6":0,"7":0,"8":0,"9":0,"10":0},"b":{"0":[4,24],"1":[20,40],"2":[6,14],"3":[0,0],"4":[0,0],"5":[0,0],"6":[0,0],"7":[0,0],"8":[0,0],"9":[0,0],"10":[0,0],"11":[0,0],"12":[0,0],"13":[0,0],"14":[0,0],"15":[0,0],"16":[0,0],"17":[0,0],"18":[0,0],"19":[0,0],"20":[0,0],"21":[0,0,0,0,0,0]},"inputSourceMap":null,"_coverageSchema":"1a1c01bbd47fc00a2c39e90264f33305004495a9","hash":"4a187ef6f2522a6c3b43fa21d34fdaf7aaffd43d"}
,"/Users/stephane/Dev/boomtap/sountinel/src/hmac.js": {"path":"/Users/stephane/Dev/boomtap/sountinel/src/hmac.js","statementMap":{"0":{"start":{"line":28,"column":22},"end":{"line":28,"column":43}},"1":{"start":{"line":29,"column":17},"end":{"line":29,"column":40}},"2":{"start":{"line":30,"column":20},"end":{"line":30,"column":36}},"3":{"start":{"line":31,"column":22},"end":{"line":33,"column":22}},"4":{"start":{"line":34,"column":4},"end":{"line":34,"column":36}}},"fnMap":{"0":{"name":"signRequest","decl":{"start":{"line":27,"column":16},"end":{"line":27,"column":27}},"loc":{"start":{"line":27,"column":45},"end":{"line":35,"column":1}},"line":27}},"branchMap":{},"s":{"0":24,"1":24,"2":24,"3":24,"4":24},"f":{"0":24},"b":{},"inputSourceMap":null,"_coverageSchema":"1a1c01bbd47fc00a2c39e90264f33305004495a9","hash":"467739671a8704ceb206204c6e9b6f45f0e7a671"}
,"/Users/stephane/Dev/boomtap/sountinel/src/linkExtractor.js": {"path":"/Users/stephane/Dev/boomtap/sountinel/src/linkExtractor.js","statementMap":{"0":{"start":{"line":19,"column":24},"end":{"line":26,"column":1}},"1":{"start":{"line":38,"column":4},"end":{"line":40,"column":5}},"2":{"start":{"line":39,"column":8},"end":{"line":39,"column":20}},"3":{"start":{"line":42,"column":4},"end":{"line":46,"column":5}},"4":{"start":{"line":43,"column":8},"end":{"line":45,"column":9}},"5":{"start":{"line":44,"column":12},"end":{"line":44,"column":23}},"6":{"start":{"line":47,"column":4},"end":{"line":47,"column":16}},"7":{"start":{"line":58,"column":4},"end":{"line":58,"column":46}}},"fnMap":{"0":{"name":"extractSupportedLink","decl":{"start":{"line":37,"column":16},"end":{"line":37,"column":36}},"loc":{"start":{"line":37,"column":42},"end":{"line":48,"column":1}},"line":37},"1":{"name":"isSupportedLink","decl":{"start":{"line":57,"column":16},"end":{"line":57,"column":31}},"loc":{"start":{"line":57,"column":37},"end":{"line":59,"column":1}},"line":57}},"branchMap":{"0":{"loc":{"start":{"line":38,"column":4},"end":{"line":40,"column":5}},"type":"if","locations":[{"start":{"line":38,"column":4},"end":{"line":40,"column":5}},{"start":{},"end":{}}],"line":38},"1":{"loc":{"start":{"line":43,"column":8},"end":{"line":45,"column":9}},"type":"if","locations":[{"start":{"line":43,"column":8},"end":{"line":45,"column":9}},{"start":{},"end":{}}],"line":43}},"s":{"0":2,"1":78,"2":4,"3":74,"4":278,"5":46,"6":28,"7":4},"f":{"0":78,"1":4},"b":{"0":[4,74],"1":[46,232]},"inputSourceMap":null,"_coverageSchema":"1a1c01bbd47fc00a2c39e90264f33305004495a9","hash":"11a69ed9e433cd30d969e2d5ed52604265baeb8b"}
}
