TN:
SF:src/googleDriveValidator.js
FN:38,extractGoogleDriveId
FN:75,validateGoogleDriveLink
FN:125,fetchDriveMetadata
FN:163,detectFileType
FN:189,checkAudioContent
FN:211,checkFolderAudioContent
FN:228,(anonymous_6)
FN:228,(anonymous_7)
FN:250,checkSingleFileAudio
FN:255,(anonymous_9)
FN:267,getErrorMessage
FNF:11
FNH:1
FNDA:28,extractGoogleDriveId
FNDA:0,validateGoogleDriveLink
FNDA:0,fetchDriveMetadata
FNDA:0,detectFileType
FNDA:0,checkAudioContent
FNDA:0,checkFolderAudioContent
FNDA:0,(anonymous_6)
FNDA:0,(anonymous_7)
FNDA:0,checkSingleFileAudio
FNDA:0,(anonymous_9)
FNDA:0,getErrorMessage
DA:24,2
DA:26,2
DA:28,2
DA:29,2
DA:30,2
DA:31,2
DA:39,28
DA:40,4
DA:43,24
DA:49,24
DA:50,60
DA:51,60
DA:54,20
DA:55,6
DA:57,14
DA:60,4
DA:76,0
DA:78,0
DA:79,0
DA:80,0
DA:87,0
DA:89,0
DA:90,0
DA:91,0
DA:98,0
DA:109,0
DA:110,0
DA:126,0
DA:127,0
DA:128,0
DA:135,0
DA:136,0
DA:138,0
DA:139,0
DA:141,0
DA:142,0
DA:143,0
DA:145,0
DA:146,0
DA:149,0
DA:150,0
DA:151,0
DA:153,0
DA:154,0
DA:164,0
DA:165,0
DA:166,0
DA:168,0
DA:169,0
DA:172,0
DA:190,0
DA:191,0
DA:193,0
DA:196,0
DA:200,0
DA:212,0
DA:213,0
DA:214,0
DA:221,0
DA:222,0
DA:223,0
DA:225,0
DA:226,0
DA:228,0
DA:229,0
DA:235,0
DA:236,0
DA:239,0
DA:241,0
DA:251,0
DA:252,0
DA:254,0
DA:255,0
DA:256,0
DA:268,0
DA:270,0
DA:272,0
DA:274,0
DA:276,0
DA:278,0
DA:280,0
LF:81
LH:16
BRDA:39,0,0,4
BRDA:39,0,1,24
BRDA:51,1,0,20
BRDA:51,1,1,40
BRDA:54,2,0,6
BRDA:54,2,1,14
BRDA:79,3,0,0
BRDA:79,3,1,0
BRDA:90,4,0,0
BRDA:90,4,1,0
BRDA:135,5,0,0
BRDA:135,5,1,0
BRDA:138,6,0,0
BRDA:138,6,1,0
BRDA:141,7,0,0
BRDA:141,7,1,0
BRDA:149,8,0,0
BRDA:149,8,1,0
BRDA:149,9,0,0
BRDA:149,9,1,0
BRDA:164,10,0,0
BRDA:164,10,1,0
BRDA:165,11,0,0
BRDA:165,11,1,0
BRDA:168,12,0,0
BRDA:168,12,1,0
BRDA:190,13,0,0
BRDA:190,13,1,0
BRDA:193,14,0,0
BRDA:193,14,1,0
BRDA:221,15,0,0
BRDA:221,15,1,0
BRDA:226,16,0,0
BRDA:226,16,1,0
BRDA:235,17,0,0
BRDA:235,17,1,0
BRDA:235,18,0,0
BRDA:235,18,1,0
BRDA:251,19,0,0
BRDA:251,19,1,0
BRDA:258,20,0,0
BRDA:258,20,1,0
BRDA:268,21,0,0
BRDA:268,21,1,0
BRDA:268,21,2,0
BRDA:268,21,3,0
BRDA:268,21,4,0
BRDA:268,21,5,0
BRF:48
BRH:6
end_of_record
TN:
SF:src/hmac.js
FN:27,signRequest
FNF:1
FNH:1
FNDA:24,signRequest
DA:28,24
DA:29,24
DA:30,24
DA:31,24
DA:34,24
LF:5
LH:5
BRF:0
BRH:0
end_of_record
TN:
SF:src/linkExtractor.js
FN:37,extractSupportedLink
FN:57,isSupportedLink
FNF:2
FNH:2
FNDA:78,extractSupportedLink
FNDA:4,isSupportedLink
DA:19,2
DA:38,78
DA:39,4
DA:42,74
DA:43,278
DA:44,46
DA:47,28
DA:58,4
LF:8
LH:8
BRDA:38,0,0,4
BRDA:38,0,1,74
BRDA:43,1,0,46
BRDA:43,1,1,232
BRF:4
BRH:4
end_of_record
